Line 84: Class MSDataGridLib.DataGrid of control dt_athl_tm_ids was not a loaded control class.
Line 154: Class MSAdodcLib.Adodc of control ado_athl_tm_ids was not a loaded control class.
Line 396: Class MSDataGridLib.DataGrid of control dt_tmimata was not a loaded control class.
Line 462: Class MSAdodcLib.Adodc of control ado_tmimata was not a loaded control class.
Line 508: Class MSAdodcLib.Adodc of control ado_tm_ids was not a loaded control class.
Line 555: Class MSDataGridLib.DataGrid of control DataGrid2 was not a loaded control class.
Line 719: Class MSAdodcLib.Adodc of control ado_athl was not a loaded control class.
Line 878: Class MSDataListLib.DataCombo of control co_athl was not a loaded control class.
Line 903: Class MSDataGridLib.DataGrid of control dt_athl_tm was not a loaded control class.
Line 970: Class MSAdodcLib.Adodc of control ado_athl_tm was not a loaded control class.
Line 1016: Class MSMask.MaskEdBox of control txt_im_eis was not a loaded control class.
Line 1090: Class MSMask.MaskEdBox of control im_l was not a loaded control class.
Line 1113: Class MSMask.MaskEdBox of control im_l was not a loaded control class.
Line 1136: Class MSMask.MaskEdBox of control im_l was not a loaded control class.
Line 1159: Class MSMask.MaskEdBox of control im_l was not a loaded control class.
Line 1182: Class MSMask.MaskEdBox of control im_l was not a loaded control class.
Line 1205: Class MSMask.MaskEdBox of control im_l was not a loaded control class.
Line 1228: Class MSMask.MaskEdBox of control im_en was not a loaded control class.
Line 1251: Class MSMask.MaskEdBox of control im_en was not a loaded control class.
Line 1274: Class MSMask.MaskEdBox of control im_en was not a loaded control class.
Line 1297: Class MSMask.MaskEdBox of control im_en was not a loaded control class.
Line 1320: Class MSMask.MaskEdBox of control im_en was not a loaded control class.
Line 1343: Class MSMask.MaskEdBox of control im_en was not a loaded control class.
Line 1644: Class MSDataListLib.DataCombo of control co_ae was not a loaded control class.
Line 1668: Class MSAdodcLib.Adodc of control ado_ae was not a loaded control class.
Line 1715: Class MSDataListLib.DataCombo of control co_kt was not a loaded control class.
Line 1739: Class MSAdodcLib.Adodc of control ado_kt was not a loaded control class.
Line 1786: Class MSDataListLib.DataCombo of control co_propa was not a loaded control class.
Line 1810: Class MSAdodcLib.Adodc of control ado_prop was not a loaded control class.
Line 1857: Class MSDataListLib.DataCombo of control co_propb was not a loaded control class.
Line 2005: Class MSAdodcLib.Adodc of control Adodc1 was not a loaded control class.
